<?xml version="1.0" encoding="UTF-8"?>
<!-- Generated by org.testng.reporters.JUnitReportReporter -->
<testsuite skipped="0" hostname="CO-IT00385" name="com.academy.web.tests.Taller1" tests="2" failures="0" timestamp="28 Mar 2020 03:32:25 GMT" time="0.009" errors="0">
  <testcase name="crearCuenta" time="0.006" classname="com.academy.web.tests.Taller1"/>
  <testcase name="cancelarCuenta" time="0.003" classname="com.academy.web.tests.Taller1"/>
</testsuite> <!-- com.academy.web.tests.Taller1 -->
